2020-03-08 01:17:59,838 - libZip.py[line:46] - <MainThread 2176>- <Process 9604> - INFO: fileName:..\logs\PPPoE_DIR1950_v1.01b08_AC88.zip in directory:..\logs
2020-03-08 01:18:04,750 - libZip.py[line:46] - <MainThread 2176>- <Process 9604> - INFO: fileName:..\logs\5G_DIR-1950_v1.01b08_AX200.zip in directory:..\logs
2020-03-08 01:18:05,055 - csvdataAnalysis.py[line:125] - <MainThread 2176>- <Process 9604> - INFO: zipfolder_txtcsvfiles:202003061318/
2020-03-08 01:18:05,056 - csvdataAnalysis.py[line:125] - <MainThread 2176>- <Process 9604> - INFO: zipfolder_txtcsvfiles:202003061318/chariotlog.txt
2020-03-08 01:18:05,056 - csvdataAnalysis.py[line:125] - <MainThread 2176>- <Process 9604> - INFO: zipfolder_txtcsvfiles:202003061318/Client1-W3_Bidirectional_result_1st.csv
2020-03-08 01:18:05,057 - csvdataAnalysis.py[line:132] - <MainThread 2176>- <Process 9604> - INFO: csv_dirfolderdata:D:\project\note_python\Zip_UnZip\logs\202003061318/Client1-W3_Bidirectional_result_1st.csv
2020-03-08 01:18:05,058 - csvdataAnalysis.py[line:179] - <MainThread 2176>- <Process 9604> - INFO: Throughput Avg.(Mbps):768.009, Throughput Min.(Mbps):38.186 ,Throughput Max.(Mbps):225.352
2020-03-08 01:18:05,059 - csvdataAnalysis.py[line:125] - <MainThread 2176>- <Process 9604> - INFO: zipfolder_txtcsvfiles:202003061318/Client1-W3_Rx_result_1st.csv
2020-03-08 01:18:05,060 - csvdataAnalysis.py[line:132] - <MainThread 2176>- <Process 9604> - INFO: csv_dirfolderdata:D:\project\note_python\Zip_UnZip\logs\202003061318/Client1-W3_Rx_result_1st.csv
2020-03-08 01:18:05,061 - csvdataAnalysis.py[line:179] - <MainThread 2176>- <Process 9604> - INFO: Throughput Avg.(Mbps):693.564, Throughput Min.(Mbps):64.882 ,Throughput Max.(Mbps):124.611
2020-03-08 01:18:05,061 - csvdataAnalysis.py[line:125] - <MainThread 2176>- <Process 9604> - INFO: zipfolder_txtcsvfiles:202003061318/Client1-W3_Tx_result_1st.csv
2020-03-08 01:18:05,062 - csvdataAnalysis.py[line:132] - <MainThread 2176>- <Process 9604> - INFO: csv_dirfolderdata:D:\project\note_python\Zip_UnZip\logs\202003061318/Client1-W3_Tx_result_1st.csv
2020-03-08 01:18:05,063 - csvdataAnalysis.py[line:179] - <MainThread 2176>- <Process 9604> - INFO: Throughput Avg.(Mbps):647.856, Throughput Min.(Mbps):39.101 ,Throughput Max.(Mbps):160.643
2020-03-08 01:18:05,064 - csvdataAnalysis.py[line:125] - <MainThread 2176>- <Process 9604> - INFO: zipfolder_txtcsvfiles:202003061038/
2020-03-08 01:18:05,065 - csvdataAnalysis.py[line:125] - <MainThread 2176>- <Process 9604> - INFO: zipfolder_txtcsvfiles:202003061038/chariotlog.txt
2020-03-08 01:18:05,065 - csvdataAnalysis.py[line:125] - <MainThread 2176>- <Process 9604> - INFO: zipfolder_txtcsvfiles:202003061038/P0-Client5_Bidirectional_result_1st.csv
2020-03-08 01:18:05,065 - csvdataAnalysis.py[line:132] - <MainThread 2176>- <Process 9604> - INFO: csv_dirfolderdata:D:\project\note_python\Zip_UnZip\logs\202003061038/P0-Client5_Bidirectional_result_1st.csv
2020-03-08 01:18:05,067 - csvdataAnalysis.py[line:179] - <MainThread 2176>- <Process 9604> - INFO: Throughput Avg.(Mbps):485.259, Throughput Min.(Mbps):11.551 ,Throughput Max.(Mbps):50.601
2020-03-08 01:18:05,079 - csvdataAnalysis.py[line:125] - <MainThread 2176>- <Process 9604> - INFO: zipfolder_txtcsvfiles:202003061038/P0-Client5_Rx_result_1st.csv
2020-03-08 01:18:05,079 - csvdataAnalysis.py[line:132] - <MainThread 2176>- <Process 9604> - INFO: csv_dirfolderdata:D:\project\note_python\Zip_UnZip\logs\202003061038/P0-Client5_Rx_result_1st.csv
2020-03-08 01:18:05,082 - csvdataAnalysis.py[line:179] - <MainThread 2176>- <Process 9604> - INFO: Throughput Avg.(Mbps):353.273, Throughput Min.(Mbps):22.982 ,Throughput Max.(Mbps):94.229
2020-03-08 01:18:05,083 - csvdataAnalysis.py[line:125] - <MainThread 2176>- <Process 9604> - INFO: zipfolder_txtcsvfiles:202003061038/P0-Client5_Tx_result_1st.csv
2020-03-08 01:18:05,084 - csvdataAnalysis.py[line:132] - <MainThread 2176>- <Process 9604> - INFO: csv_dirfolderdata:D:\project\note_python\Zip_UnZip\logs\202003061038/P0-Client5_Tx_result_1st.csv
2020-03-08 01:18:05,086 - csvdataAnalysis.py[line:179] - <MainThread 2176>- <Process 9604> - INFO: Throughput Avg.(Mbps):646.509, Throughput Min.(Mbps):64.830 ,Throughput Max.(Mbps):231.214
2020-03-08 01:18:05,088 - test_unzip.py[line:52] - <MainThread 2176>- <Process 9604> - INFO: Time duration: 5.25 seconds.